[2020-10-31 01:33:59.107958] None
[2020-10-31 01:33:59.108020] False
[2020-10-31 01:36:55.596955] result of find: None
[2020-10-31 01:36:55.597016] result of check_stock(): False
[2020-10-31 01:37:35.067482] result of obj.find(): <button class="productDetail--buttons__button--primary js-addToCartButton">カートに入れる</button>
[2020-10-31 01:37:35.067521] get word: カートに入れる
[2020-10-31 01:37:35.067555] result of check_stock(): True
[2020-10-31 01:37:35.067561] text of email: subject:ゲーム&ウォッチ 入荷

ゲーム&ウォッチが入荷した模様
https://store-jp.nintendo.com/list/hardware-accessory/controller/HAC_8_JASAD.html
[2020-10-31 01:39:18.492378] result of obj.find(): <button class="productDetail--buttons__button--primary js-addToCartButton">カートに入れる</button>
[2020-10-31 01:39:18.492418] get word: カートに入れる
[2020-10-31 01:39:18.492452] result of check_stock(): True
[2020-10-31 01:39:18.492458] text of email: subject:ゲーム&ウォッチ 入荷

ゲーム&ウォッチが入荷した模様
https://store-jp.nintendo.com/list/hardware-accessory/controller/HAC_8_JASAD.html

[2020-10-31 02:03:25.741344] result of obj.find(): <button class="productDetail--buttons__button--primary js-addToCartButton">カートに入れる</button>
[2020-10-31 02:03:25.741388] get word: カートに入れる
[2020-10-31 02:03:25.741425] result of check_stock(): True
[2020-10-31 02:03:25.741432] text of email: subject:ゲーム&ウォッチ 入荷

ゲーム&ウォッチが入荷した模様
https://store-jp.nintendo.com/list/hardware-accessory/controller/HAC_8_JASAD.html

[2020-10-31 02:04:59.312515] result of obj.find(): <button class="productDetail--buttons__button--primary js-addToCartButton">カートに入れる</button>
[2020-10-31 02:04:59.312555] get word: カートに入れる
[2020-10-31 02:04:59.312594] result of check_stock(): True
[2020-10-31 02:04:59.312600] text of email: subject:Game&Watch stocked

ゲーム&ウォッチが入荷した模様
https://store-jp.nintendo.com/list/hardware-accessory/controller/HAC_8_JASAD.html

[2020-10-31 02:06:05.709961] result of obj.find(): <button class="productDetail--buttons__button--primary js-addToCartButton">カートに入れる</button>
[2020-10-31 02:06:05.709998] get word: カートに入れる
[2020-10-31 02:06:05.710036] result of check_stock(): True
[2020-10-31 02:06:05.710042] text of email: subject:Game&Watch arrived

It seems that Game&Watch have arrived. 
https://store-jp.nintendo.com/list/hardware-accessory/controller/HAC_8_JASAD.html

[2020-10-31 02:07:47.303390] result of obj.find(): <button class="productDetail--buttons__button--primary js-addToCartButton">カートに入れる</button>
[2020-10-31 02:07:47.303432] get word: カートに入れる
[2020-10-31 02:07:47.303465] result of check_stock(): True
[2020-10-31 02:07:47.303470] text of email: subject:Game&Watch arrived

It seems that Game&Watch have arrived. 
https://store-jp.nintendo.com/list/hardware-accessory/controller/HAC_8_JASAD.html

[2020-10-31 02:13:17.443554] result of obj.find(): None
[2020-10-31 02:13:17.443613] result of check_stock(): False
